<?xml version="1.0" encoding="UTF-8"?>
<testsuite xmlns:xsi="http://www.w3.org/2001/XMLSchema-instance" xsi:noNamespaceSchemaLocation="https://maven.apache.org/surefire/maven-surefire-plugin/xsd/surefire-test-report-3.0.xsd" version="3.0" name="cucumberOptions.TestRunner" time="6.515" tests="3" errors="2" skipped="1" failures="0">
  <properties>
    <property name="java.specification.version" value="14"/>
    <property name="sun.cpu.isalist" value="amd64"/>
    <property name="sun.jnu.encoding" value="Cp1252"/>
    <property name="java.class.path" value="C:\Users\AKSHAY\eclipse-workspace\Cucumber_Framework_Design\target\test-classes;C:\Users\AKSHAY\eclipse-workspace\Cucumber_Framework_Design\target\classes;C:\Users\AKSHAY\.m2\repository\info\cukes\cucumber-core\1.2.5\cucumber-core-1.2.5.jar;C:\Users\AKSHAY\.m2\repository\info\cukes\cucumber-html\0.2.3\cucumber-html-0.2.3.jar;C:\Users\AKSHAY\.m2\repository\info\cukes\cucumber-java\1.2.5\cucumber-java-1.2.5.jar;C:\Users\AKSHAY\.m2\repository\info\cukes\cucumber-jvm-deps\1.0.5\cucumber-jvm-deps-1.0.5.jar;C:\Users\AKSHAY\.m2\repository\info\cukes\gherkin\2.12.2\gherkin-2.12.2.jar;C:\Users\AKSHAY\.m2\repository\org\hamcrest\hamcrest-all\1.3\hamcrest-all-1.3.jar;C:\Users\AKSHAY\.m2\repository\info\cukes\cucumber-picocontainer\1.2.5\cucumber-picocontainer-1.2.5.jar;C:\Users\AKSHAY\.m2\repository\org\picocontainer\picocontainer\2.15\picocontainer-2.15.jar;C:\Users\AKSHAY\.m2\repository\com\aventstack\extentreports\3.0.5\extentreports-3.0.5.jar;C:\Users\AKSHAY\.m2\repository\org\mongodb\mongodb-driver\3.3.0\mongodb-driver-3.3.0.jar;C:\Users\AKSHAY\.m2\repository\org\mongodb\bson\3.3.0\bson-3.3.0.jar;C:\Users\AKSHAY\.m2\repository\org\mongodb\mongodb-driver-core\3.3.0\mongodb-driver-core-3.3.0.jar;C:\Users\AKSHAY\.m2\repository\org\apache\httpcomponents\httpclient\4.5.2\httpclient-4.5.2.jar;C:\Users\AKSHAY\.m2\repository\org\apache\httpcomponents\httpcore\4.4.4\httpcore-4.4.4.jar;C:\Users\AKSHAY\.m2\repository\commons-logging\commons-logging\1.2\commons-logging-1.2.jar;C:\Users\AKSHAY\.m2\repository\commons-codec\commons-codec\1.9\commons-codec-1.9.jar;C:\Users\AKSHAY\.m2\repository\org\apache\httpcomponents\httpmime\4.5.2\httpmime-4.5.2.jar;C:\Users\AKSHAY\.m2\repository\org\jsoup\jsoup\1.9.2\jsoup-1.9.2.jar;C:\Users\AKSHAY\.m2\repository\org\freemarker\freemarker\2.3.26-incubating\freemarker-2.3.26-incubating.jar;C:\Users\AKSHAY\.m2\repository\net\masterthought\cucumber-reporting\3.6.0\cucumber-reporting-3.6.0.jar;C:\Users\AKSHAY\.m2\repository\org\apache\logging\log4j\log4j-api\2.6\log4j-api-2.6.jar;C:\Users\AKSHAY\.m2\repository\org\apache\logging\log4j\log4j-core\2.6\log4j-core-2.6.jar;C:\Users\AKSHAY\.m2\repository\com\fasterxml\jackson\core\jackson-databind\2.8.5\jackson-databind-2.8.5.jar;C:\Users\AKSHAY\.m2\repository\com\fasterxml\jackson\core\jackson-annotations\2.8.0\jackson-annotations-2.8.0.jar;C:\Users\AKSHAY\.m2\repository\com\fasterxml\jackson\core\jackson-core\2.8.5\jackson-core-2.8.5.jar;C:\Users\AKSHAY\.m2\repository\org\apache\velocity\velocity\1.7\velocity-1.7.jar;C:\Users\AKSHAY\.m2\repository\commons-collections\commons-collections\3.2.1\commons-collections-3.2.1.jar;C:\Users\AKSHAY\.m2\repository\commons-lang\commons-lang\2.4\commons-lang-2.4.jar;C:\Users\AKSHAY\.m2\repository\velocity-tools\velocity-tools\1.4\velocity-tools-1.4.jar;C:\Users\AKSHAY\.m2\repository\joda-time\joda-time\2.9.6\joda-time-2.9.6.jar;C:\Users\AKSHAY\.m2\repository\org\apache\commons\commons-lang3\3.5\commons-lang3-3.5.jar;C:\Users\AKSHAY\.m2\repository\commons-io\commons-io\2.5\commons-io-2.5.jar;C:\Users\AKSHAY\.m2\repository\net\lingala\zip4j\zip4j\1.3.2\zip4j-1.3.2.jar;C:\Users\AKSHAY\.m2\repository\org\codehaus\plexus\plexus-utils\3.0.24\plexus-utils-3.0.24.jar;C:\Users\AKSHAY\.m2\repository\com\vimalselvam\cucumber-extentsreport\2.0.4\cucumber-extentsreport-2.0.4.jar;C:\Users\AKSHAY\.m2\repository\info\cukes\cucumber-junit\1.2.5\cucumber-junit-1.2.5.jar;C:\Users\AKSHAY\.m2\repository\junit\junit\4.12\junit-4.12.jar;C:\Users\AKSHAY\.m2\repository\org\hamcrest\hamcrest-core\1.3\hamcrest-core-1.3.jar;C:\Users\AKSHAY\.m2\repository\org\seleniumhq\selenium\selenium-java\3.141.59\selenium-java-3.141.59.jar;C:\Users\AKSHAY\.m2\repository\org\seleniumhq\selenium\selenium-api\3.141.59\selenium-api-3.141.59.jar;C:\Users\AKSHAY\.m2\repository\org\seleniumhq\selenium\selenium-chrome-driver\3.141.59\selenium-chrome-driver-3.141.59.jar;C:\Users\AKSHAY\.m2\repository\org\seleniumhq\selenium\selenium-edge-driver\3.141.59\selenium-edge-driver-3.141.59.jar;C:\Users\AKSHAY\.m2\repository\org\seleniumhq\selenium\selenium-firefox-driver\3.141.59\selenium-firefox-driver-3.141.59.jar;C:\Users\AKSHAY\.m2\repository\org\seleniumhq\selenium\selenium-ie-driver\3.141.59\selenium-ie-driver-3.141.59.jar;C:\Users\AKSHAY\.m2\repository\org\seleniumhq\selenium\selenium-opera-driver\3.141.59\selenium-opera-driver-3.141.59.jar;C:\Users\AKSHAY\.m2\repository\org\seleniumhq\selenium\selenium-remote-driver\3.141.59\selenium-remote-driver-3.141.59.jar;C:\Users\AKSHAY\.m2\repository\org\seleniumhq\selenium\selenium-safari-driver\3.141.59\selenium-safari-driver-3.141.59.jar;C:\Users\AKSHAY\.m2\repository\org\seleniumhq\selenium\selenium-support\3.141.59\selenium-support-3.141.59.jar;C:\Users\AKSHAY\.m2\repository\net\bytebuddy\byte-buddy\1.8.15\byte-buddy-1.8.15.jar;C:\Users\AKSHAY\.m2\repository\org\apache\commons\commons-exec\1.3\commons-exec-1.3.jar;C:\Users\AKSHAY\.m2\repository\com\google\guava\guava\25.0-jre\guava-25.0-jre.jar;C:\Users\AKSHAY\.m2\repository\com\google\code\findbugs\jsr305\1.3.9\jsr305-1.3.9.jar;C:\Users\AKSHAY\.m2\repository\org\checkerframework\checker-compat-qual\2.0.0\checker-compat-qual-2.0.0.jar;C:\Users\AKSHAY\.m2\repository\com\google\errorprone\error_prone_annotations\2.1.3\error_prone_annotations-2.1.3.jar;C:\Users\AKSHAY\.m2\repository\com\google\j2objc\j2objc-annotations\1.1\j2objc-annotations-1.1.jar;C:\Users\AKSHAY\.m2\repository\org\codehaus\mojo\animal-sniffer-annotations\1.14\animal-sniffer-annotations-1.14.jar;C:\Users\AKSHAY\.m2\repository\com\squareup\okhttp3\okhttp\3.11.0\okhttp-3.11.0.jar;C:\Users\AKSHAY\.m2\repository\com\squareup\okio\okio\1.14.0\okio-1.14.0.jar;"/>
    <property name="java.vm.vendor" value="Oracle Corporation"/>
    <property name="sun.arch.data.model" value="64"/>
    <property name="user.variant" value=""/>
    <property name="java.vendor.url" value="https://java.oracle.com/"/>
    <property name="user.timezone" value="Asia/Calcutta"/>
    <property name="os.name" value="Windows 10"/>
    <property name="java.vm.specification.version" value="14"/>
    <property name="sun.java.launcher" value="SUN_STANDARD"/>
    <property name="user.country" value="IN"/>
    <property name="sun.boot.library.path" value="C:\Program Files\Java\jdk-14.0.2\bin"/>
    <property name="sun.java.command" value="C:\Users\AKSHAY\AppData\Local\Temp\surefire1260155618185726935\surefirebooter10195835830349961171.jar C:\Users\AKSHAY\AppData\Local\Temp\surefire1260155618185726935 2020-10-12T09-46-06_399-jvmRun1 surefire3838172259885111941tmp surefire_015284349974625056775tmp"/>
    <property name="jdk.debug" value="release"/>
    <property name="surefire.test.class.path" value="C:\Users\AKSHAY\eclipse-workspace\Cucumber_Framework_Design\target\test-classes;C:\Users\AKSHAY\eclipse-workspace\Cucumber_Framework_Design\target\classes;C:\Users\AKSHAY\.m2\repository\info\cukes\cucumber-core\1.2.5\cucumber-core-1.2.5.jar;C:\Users\AKSHAY\.m2\repository\info\cukes\cucumber-html\0.2.3\cucumber-html-0.2.3.jar;C:\Users\AKSHAY\.m2\repository\info\cukes\cucumber-java\1.2.5\cucumber-java-1.2.5.jar;C:\Users\AKSHAY\.m2\repository\info\cukes\cucumber-jvm-deps\1.0.5\cucumber-jvm-deps-1.0.5.jar;C:\Users\AKSHAY\.m2\repository\info\cukes\gherkin\2.12.2\gherkin-2.12.2.jar;C:\Users\AKSHAY\.m2\repository\org\hamcrest\hamcrest-all\1.3\hamcrest-all-1.3.jar;C:\Users\AKSHAY\.m2\repository\info\cukes\cucumber-picocontainer\1.2.5\cucumber-picocontainer-1.2.5.jar;C:\Users\AKSHAY\.m2\repository\org\picocontainer\picocontainer\2.15\picocontainer-2.15.jar;C:\Users\AKSHAY\.m2\repository\com\aventstack\extentreports\3.0.5\extentreports-3.0.5.jar;C:\Users\AKSHAY\.m2\repository\org\mongodb\mongodb-driver\3.3.0\mongodb-driver-3.3.0.jar;C:\Users\AKSHAY\.m2\repository\org\mongodb\bson\3.3.0\bson-3.3.0.jar;C:\Users\AKSHAY\.m2\repository\org\mongodb\mongodb-driver-core\3.3.0\mongodb-driver-core-3.3.0.jar;C:\Users\AKSHAY\.m2\repository\org\apache\httpcomponents\httpclient\4.5.2\httpclient-4.5.2.jar;C:\Users\AKSHAY\.m2\repository\org\apache\httpcomponents\httpcore\4.4.4\httpcore-4.4.4.jar;C:\Users\AKSHAY\.m2\repository\commons-logging\commons-logging\1.2\commons-logging-1.2.jar;C:\Users\AKSHAY\.m2\repository\commons-codec\commons-codec\1.9\commons-codec-1.9.jar;C:\Users\AKSHAY\.m2\repository\org\apache\httpcomponents\httpmime\4.5.2\httpmime-4.5.2.jar;C:\Users\AKSHAY\.m2\repository\org\jsoup\jsoup\1.9.2\jsoup-1.9.2.jar;C:\Users\AKSHAY\.m2\repository\org\freemarker\freemarker\2.3.26-incubating\freemarker-2.3.26-incubating.jar;C:\Users\AKSHAY\.m2\repository\net\masterthought\cucumber-reporting\3.6.0\cucumber-reporting-3.6.0.jar;C:\Users\AKSHAY\.m2\repository\org\apache\logging\log4j\log4j-api\2.6\log4j-api-2.6.jar;C:\Users\AKSHAY\.m2\repository\org\apache\logging\log4j\log4j-core\2.6\log4j-core-2.6.jar;C:\Users\AKSHAY\.m2\repository\com\fasterxml\jackson\core\jackson-databind\2.8.5\jackson-databind-2.8.5.jar;C:\Users\AKSHAY\.m2\repository\com\fasterxml\jackson\core\jackson-annotations\2.8.0\jackson-annotations-2.8.0.jar;C:\Users\AKSHAY\.m2\repository\com\fasterxml\jackson\core\jackson-core\2.8.5\jackson-core-2.8.5.jar;C:\Users\AKSHAY\.m2\repository\org\apache\velocity\velocity\1.7\velocity-1.7.jar;C:\Users\AKSHAY\.m2\repository\commons-collections\commons-collections\3.2.1\commons-collections-3.2.1.jar;C:\Users\AKSHAY\.m2\repository\commons-lang\commons-lang\2.4\commons-lang-2.4.jar;C:\Users\AKSHAY\.m2\repository\velocity-tools\velocity-tools\1.4\velocity-tools-1.4.jar;C:\Users\AKSHAY\.m2\repository\joda-time\joda-time\2.9.6\joda-time-2.9.6.jar;C:\Users\AKSHAY\.m2\repository\org\apache\commons\commons-lang3\3.5\commons-lang3-3.5.jar;C:\Users\AKSHAY\.m2\repository\commons-io\commons-io\2.5\commons-io-2.5.jar;C:\Users\AKSHAY\.m2\repository\net\lingala\zip4j\zip4j\1.3.2\zip4j-1.3.2.jar;C:\Users\AKSHAY\.m2\repository\org\codehaus\plexus\plexus-utils\3.0.24\plexus-utils-3.0.24.jar;C:\Users\AKSHAY\.m2\repository\com\vimalselvam\cucumber-extentsreport\2.0.4\cucumber-extentsreport-2.0.4.jar;C:\Users\AKSHAY\.m2\repository\info\cukes\cucumber-junit\1.2.5\cucumber-junit-1.2.5.jar;C:\Users\AKSHAY\.m2\repository\junit\junit\4.12\junit-4.12.jar;C:\Users\AKSHAY\.m2\repository\org\hamcrest\hamcrest-core\1.3\hamcrest-core-1.3.jar;C:\Users\AKSHAY\.m2\repository\org\seleniumhq\selenium\selenium-java\3.141.59\selenium-java-3.141.59.jar;C:\Users\AKSHAY\.m2\repository\org\seleniumhq\selenium\selenium-api\3.141.59\selenium-api-3.141.59.jar;C:\Users\AKSHAY\.m2\repository\org\seleniumhq\selenium\selenium-chrome-driver\3.141.59\selenium-chrome-driver-3.141.59.jar;C:\Users\AKSHAY\.m2\repository\org\seleniumhq\selenium\selenium-edge-driver\3.141.59\selenium-edge-driver-3.141.59.jar;C:\Users\AKSHAY\.m2\repository\org\seleniumhq\selenium\selenium-firefox-driver\3.141.59\selenium-firefox-driver-3.141.59.jar;C:\Users\AKSHAY\.m2\repository\org\seleniumhq\selenium\selenium-ie-driver\3.141.59\selenium-ie-driver-3.141.59.jar;C:\Users\AKSHAY\.m2\repository\org\seleniumhq\selenium\selenium-opera-driver\3.141.59\selenium-opera-driver-3.141.59.jar;C:\Users\AKSHAY\.m2\repository\org\seleniumhq\selenium\selenium-remote-driver\3.141.59\selenium-remote-driver-3.141.59.jar;C:\Users\AKSHAY\.m2\repository\org\seleniumhq\selenium\selenium-safari-driver\3.141.59\selenium-safari-driver-3.141.59.jar;C:\Users\AKSHAY\.m2\repository\org\seleniumhq\selenium\selenium-support\3.141.59\selenium-support-3.141.59.jar;C:\Users\AKSHAY\.m2\repository\net\bytebuddy\byte-buddy\1.8.15\byte-buddy-1.8.15.jar;C:\Users\AKSHAY\.m2\repository\org\apache\commons\commons-exec\1.3\commons-exec-1.3.jar;C:\Users\AKSHAY\.m2\repository\com\google\guava\guava\25.0-jre\guava-25.0-jre.jar;C:\Users\AKSHAY\.m2\repository\com\google\code\findbugs\jsr305\1.3.9\jsr305-1.3.9.jar;C:\Users\AKSHAY\.m2\repository\org\checkerframework\checker-compat-qual\2.0.0\checker-compat-qual-2.0.0.jar;C:\Users\AKSHAY\.m2\repository\com\google\errorprone\error_prone_annotations\2.1.3\error_prone_annotations-2.1.3.jar;C:\Users\AKSHAY\.m2\repository\com\google\j2objc\j2objc-annotations\1.1\j2objc-annotations-1.1.jar;C:\Users\AKSHAY\.m2\repository\org\codehaus\mojo\animal-sniffer-annotations\1.14\animal-sniffer-annotations-1.14.jar;C:\Users\AKSHAY\.m2\repository\com\squareup\okhttp3\okhttp\3.11.0\okhttp-3.11.0.jar;C:\Users\AKSHAY\.m2\repository\com\squareup\okio\okio\1.14.0\okio-1.14.0.jar;"/>
    <property name="sun.cpu.endian" value="little"/>
    <property name="user.home" value="C:\Users\AKSHAY"/>
    <property name="user.language" value="en"/>
    <property name="java.specification.vendor" value="Oracle Corporation"/>
    <property name="java.version.date" value="2020-07-14"/>
    <property name="java.home" value="C:\Program Files\Java\jdk-14.0.2"/>
    <property name="file.separator" value="\"/>
    <property name="basedir" value="C:\Users\AKSHAY\eclipse-workspace\Cucumber_Framework_Design"/>
    <property name="java.vm.compressedOopsMode" value="32-bit"/>
    <property name="line.separator" value="&#10;"/>
    <property name="java.vm.specification.vendor" value="Oracle Corporation"/>
    <property name="java.specification.name" value="Java Platform API Specification"/>
    <property name="surefire.real.class.path" value="C:\Users\AKSHAY\AppData\Local\Temp\surefire1260155618185726935\surefirebooter10195835830349961171.jar"/>
    <property name="user.script" value=""/>
    <property name="sun.management.compiler" value="HotSpot 64-Bit Tiered Compilers"/>
    <property name="java.runtime.version" value="14.0.2+12-46"/>
    <property name="user.name" value="AKSHAY"/>
    <property name="path.separator" value=";"/>
    <property name="os.version" value="10.0"/>
    <property name="java.runtime.name" value="Java(TM) SE Runtime Environment"/>
    <property name="file.encoding" value="Cp1252"/>
    <property name="java.vm.name" value="Java HotSpot(TM) 64-Bit Server VM"/>
    <property name="localRepository" value="C:\Users\AKSHAY\.m2\repository"/>
    <property name="java.vendor.url.bug" value="https://bugreport.java.com/bugreport/"/>
    <property name="java.io.tmpdir" value="C:\Users\AKSHAY\AppData\Local\Temp\"/>
    <property name="java.version" value="14.0.2"/>
    <property name="user.dir" value="C:\Users\AKSHAY\eclipse-workspace\Cucumber_Framework_Design"/>
    <property name="os.arch" value="amd64"/>
    <property name="java.vm.specification.name" value="Java Virtual Machine Specification"/>
    <property name="sun.os.patch.level" value=""/>
    <property name="java.library.path" value="C:\Program Files\Java\jdk-14.0.2\bin;C:\WINDOWS\Sun\Java\bin;C:\WINDOWS\system32;C:\WINDOWS;C:\Users\AKSHAY\bin;C:\Program Files\Git\mingw64\bin;C:\Program Files\Git\usr\local\bin;C:\Program Files\Git\usr\bin;C:\Program Files\Git\usr\bin;C:\Program Files\Git\mingw64\bin;C:\Program Files\Git\usr\bin;C:\Users\AKSHAY\bin;C:\app\AKSHAY\product\18.0.0\dbhomeXE\bin;C:\Program Files (x86)\Common Files\Oracle\Java\javapath;C:\WINDOWS\system32;C:\WINDOWS;C:\WINDOWS\System32\Wbem;C:\WINDOWS\System32\WindowsPowerShell\v1.0;C:\WINDOWS\System32\OpenSSH;C:\Program Files\Calibre2;C:\Program Files\Git\cmd;C:\Program Files\nodejs;C:\Program Files (x86)\Intel\Intel(R) Management Engine Components\DAL;C:\Program Files\Intel\Intel(R) Management Engine Components\DAL;C:\Program Files\TortoiseSVN\bin;C:\Program Files\MySQL\MySQL Shell 8.0\bin;C:\Python27;C:\Python27\Scripts;C:\Users\UserName\AppData\Roaming\npm;C:\Users\AKSHAY\AppData\Local\Android\Sdk\platform-tools;C:\Users\AKSHAY\AppData\Local\Android\Sdk\tools\bin;C:\Users\AKSHAY\AppData\Local\Microsoft\WindowsApps;C:\ProgramData\AKSHAY\hyper\app-2.1.2\resources\bin;C:\Users\AKSHAY\AppData\Local\hyper\app-3.0.2\resources\bin;C:\Users\AKSHAY\AppData\Local\atom\bin;F:\Maven\apache-maven-3.6.3\bin;C:\Program Files\Git\usr\bin\vendor_perl;C:\Program Files\Git\usr\bin\core_perl;."/>
    <property name="java.vm.info" value="mixed mode, sharing"/>
    <property name="java.vendor" value="Oracle Corporation"/>
    <property name="java.vm.version" value="14.0.2+12-46"/>
    <property name="sun.io.unicode.encoding" value="UnicodeLittle"/>
    <property name="java.class.version" value="58.0"/>
  </properties>
  <testcase name="Given User is on Home Page of Dynamic Table" classname="Scenario: Get The Details from Dynamic Table" time="0.003">
    <error message="session not created: This version of ChromeDriver only supports Chrome version 84&#10;Build info: version: &apos;3.141.59&apos;, revision: &apos;e82be7d358&apos;, time: &apos;2018-11-14T08:17:03&apos;&#10;System info: host: &apos;AKSHAY&apos;, ip: &apos;192.168.202.1&apos;, os.name: &apos;Windows 10&apos;, os.arch: &apos;amd64&apos;, os.version: &apos;10.0&apos;, java.version: &apos;14.0.2&apos;&#10;Driver info: driver.version: ChromeDriver&#10;remote stacktrace: Backtrace:&#10;	Ordinal0 [0x004787E3+2852835]&#10;	Ordinal0 [0x00365BB1+1727409]&#10;	Ordinal0 [0x0023E4B9+517305]&#10;	Ordinal0 [0x001D0BA0+68512]&#10;	Ordinal0 [0x001CD3A0+54176]&#10;	Ordinal0 [0x001ED9F7+186871]&#10;	Ordinal0 [0x001ED7FD+186365]&#10;	Ordinal0 [0x001EB70B+177931]&#10;	Ordinal0 [0x001D2584+75140]&#10;	Ordinal0 [0x001D3650+79440]&#10;	Ordinal0 [0x001D35E9+79337]&#10;	Ordinal0 [0x0037AD5C+1813852]&#10;	GetHandleVerifier [0x0059C616+1075574]&#10;	GetHandleVerifier [0x0059C367+1074887]&#10;	GetHandleVerifier [0x005A7497+1120247]&#10;	GetHandleVerifier [0x0059CC16+1077110]&#10;	Ordinal0 [0x00373206+1782278]&#10;	Ordinal0 [0x0037C3BB+1819579]&#10;	Ordinal0 [0x0037C523+1819939]&#10;	Ordinal0 [0x00392B45+1911621]&#10;	BaseThreadInitThunk [0x75CF6359+25]&#10;	RtlGetAppContainerNamedObjectPath [0x77287C24+228]&#10;	RtlGetAppContainerNamedObjectPath [0x77287BF4+180]&#10;" type="org.openqa.selenium.SessionNotCreatedException"><![CDATA[org.openqa.selenium.SessionNotCreatedException: 
session not created: This version of ChromeDriver only supports Chrome version 84
Build info: version: '3.141.59', revision: 'e82be7d358', time: '2018-11-14T08:17:03'
System info: host: 'AKSHAY', ip: '192.168.202.1', os.name: 'Windows 10', os.arch: 'amd64', os.version: '10.0', java.version: '14.0.2'
Driver info: driver.version: ChromeDriver
remote stacktrace: Backtrace:
	Ordinal0 [0x004787E3+2852835]
	Ordinal0 [0x00365BB1+1727409]
	Ordinal0 [0x0023E4B9+517305]
	Ordinal0 [0x001D0BA0+68512]
	Ordinal0 [0x001CD3A0+54176]
	Ordinal0 [0x001ED9F7+186871]
	Ordinal0 [0x001ED7FD+186365]
	Ordinal0 [0x001EB70B+177931]
	Ordinal0 [0x001D2584+75140]
	Ordinal0 [0x001D3650+79440]
	Ordinal0 [0x001D35E9+79337]
	Ordinal0 [0x0037AD5C+1813852]
	GetHandleVerifier [0x0059C616+1075574]
	GetHandleVerifier [0x0059C367+1074887]
	GetHandleVerifier [0x005A7497+1120247]
	GetHandleVerifier [0x0059CC16+1077110]
	Ordinal0 [0x00373206+1782278]
	Ordinal0 [0x0037C3BB+1819579]
	Ordinal0 [0x0037C523+1819939]
	Ordinal0 [0x00392B45+1911621]
	BaseThreadInitThunk [0x75CF6359+25]
	RtlGetAppContainerNamedObjectPath [0x77287C24+228]
	RtlGetAppContainerNamedObjectPath [0x77287BF4+180]

]]></error>
    <system-out><![CDATA[Feature: Handle Dynamic Table
]]></system-out>
    <system-err><![CDATA[Starting ChromeDriver 84.0.4147.30 (48b3e868b4cc0aa7e8149519690b6f6949e110a8-refs/branch-heads/4147@{#310}) on port 12136
Only local connections are allowed.
Please see https://chromedriver.chromium.org/security-considerations for suggestions on keeping ChromeDriver safe.
ChromeDriver was started successfully.
]]></system-err>
  </testcase>
  <testcase name="" classname="Scenario: Get The Details from Dynamic Table" time="0.004">
    <error message="session not created: This version of ChromeDriver only supports Chrome version 84&#10;Build info: version: &apos;3.141.59&apos;, revision: &apos;e82be7d358&apos;, time: &apos;2018-11-14T08:17:03&apos;&#10;System info: host: &apos;AKSHAY&apos;, ip: &apos;192.168.202.1&apos;, os.name: &apos;Windows 10&apos;, os.arch: &apos;amd64&apos;, os.version: &apos;10.0&apos;, java.version: &apos;14.0.2&apos;&#10;Driver info: driver.version: ChromeDriver&#10;remote stacktrace: Backtrace:&#10;	Ordinal0 [0x004787E3+2852835]&#10;	Ordinal0 [0x00365BB1+1727409]&#10;	Ordinal0 [0x0023E4B9+517305]&#10;	Ordinal0 [0x001D0BA0+68512]&#10;	Ordinal0 [0x001CD3A0+54176]&#10;	Ordinal0 [0x001ED9F7+186871]&#10;	Ordinal0 [0x001ED7FD+186365]&#10;	Ordinal0 [0x001EB70B+177931]&#10;	Ordinal0 [0x001D2584+75140]&#10;	Ordinal0 [0x001D3650+79440]&#10;	Ordinal0 [0x001D35E9+79337]&#10;	Ordinal0 [0x0037AD5C+1813852]&#10;	GetHandleVerifier [0x0059C616+1075574]&#10;	GetHandleVerifier [0x0059C367+1074887]&#10;	GetHandleVerifier [0x005A7497+1120247]&#10;	GetHandleVerifier [0x0059CC16+1077110]&#10;	Ordinal0 [0x00373206+1782278]&#10;	Ordinal0 [0x0037C3BB+1819579]&#10;	Ordinal0 [0x0037C523+1819939]&#10;	Ordinal0 [0x00392B45+1911621]&#10;	BaseThreadInitThunk [0x75CF6359+25]&#10;	RtlGetAppContainerNamedObjectPath [0x77287C24+228]&#10;	RtlGetAppContainerNamedObjectPath [0x77287BF4+180]&#10;" type="org.openqa.selenium.SessionNotCreatedException"><![CDATA[org.openqa.selenium.SessionNotCreatedException: 
session not created: This version of ChromeDriver only supports Chrome version 84
Build info: version: '3.141.59', revision: 'e82be7d358', time: '2018-11-14T08:17:03'
System info: host: 'AKSHAY', ip: '192.168.202.1', os.name: 'Windows 10', os.arch: 'amd64', os.version: '10.0', java.version: '14.0.2'
Driver info: driver.version: ChromeDriver
remote stacktrace: Backtrace:
	Ordinal0 [0x004787E3+2852835]
	Ordinal0 [0x00365BB1+1727409]
	Ordinal0 [0x0023E4B9+517305]
	Ordinal0 [0x001D0BA0+68512]
	Ordinal0 [0x001CD3A0+54176]
	Ordinal0 [0x001ED9F7+186871]
	Ordinal0 [0x001ED7FD+186365]
	Ordinal0 [0x001EB70B+177931]
	Ordinal0 [0x001D2584+75140]
	Ordinal0 [0x001D3650+79440]
	Ordinal0 [0x001D35E9+79337]
	Ordinal0 [0x0037AD5C+1813852]
	GetHandleVerifier [0x0059C616+1075574]
	GetHandleVerifier [0x0059C367+1074887]
	GetHandleVerifier [0x005A7497+1120247]
	GetHandleVerifier [0x0059CC16+1077110]
	Ordinal0 [0x00373206+1782278]
	Ordinal0 [0x0037C3BB+1819579]
	Ordinal0 [0x0037C523+1819939]
	Ordinal0 [0x00392B45+1911621]
	BaseThreadInitThunk [0x75CF6359+25]
	RtlGetAppContainerNamedObjectPath [0x77287C24+228]
	RtlGetAppContainerNamedObjectPath [0x77287BF4+180]

]]></error>
  </testcase>
  <testcase name="Then Get the Details" classname="Scenario: Get The Details from Dynamic Table" time="0">
    <skipped/>
  </testcase>
</testsuite>